<?xml version="1.0" encoding="UTF-8" ?>
<testsuite errors="0" skipped="0" tests="1" time="5.247" failures="0" name="com.mindpool.security.auth.ApplicationLoginModuleTest">
  <properties>
    <property value="Java(TM) 2 Runtime Environment, Standard Edition" name="java.runtime.name"/>
    <property value="C:\Program Files\Java\jdk1.5.0_12\jre\bin" name="sun.boot.library.path"/>
    <property value="1.5.0_12-b04" name="java.vm.version"/>
    <property value="Sun Microsystems Inc." name="java.vm.vendor"/>
    <property value="http://java.sun.com/" name="java.vendor.url"/>
    <property value=";" name="path.separator"/>
    <property value="Java HotSpot(TM) Client VM" name="java.vm.name"/>
    <property value="sun.io" name="file.encoding.pkg"/>
    <property value="AR" name="user.country"/>
    <property value="SUN_STANDARD" name="sun.java.launcher"/>
    <property value="Service Pack 2" name="sun.os.patch.level"/>
    <property value="Java Virtual Machine Specification" name="java.vm.specification.name"/>
    <property value="D:\workspace2\databaseLoginModule" name="user.dir"/>
    <property value="1.5.0_12-b04" name="java.runtime.version"/>
    <property value="sun.awt.Win32GraphicsEnvironment" name="java.awt.graphicsenv"/>
    <property value="D:\workspace2\databaseLoginModule" name="basedir"/>
    <property value="C:\Program Files\Java\jdk1.5.0_12\jre\lib\endorsed" name="java.endorsed.dirs"/>
    <property value="x86" name="os.arch"/>
    <property value="C:\DOCUME~1\FEDERI~1\LOCALS~1\Temp\surefirebooter15712.jar" name="surefire.real.class.path"/>
    <property value="C:\DOCUME~1\FEDERI~1\LOCALS~1\Temp\" name="java.io.tmpdir"/>
    <property value="
" name="line.separator"/>
    <property value="Sun Microsystems Inc." name="java.vm.specification.vendor"/>
    <property value="" name="user.variant"/>
    <property value="Windows XP" name="os.name"/>
    <property value="Cp1252" name="sun.jnu.encoding"/>
    <property value="C:\Program Files\Java\jdk1.5.0_12\jre\bin;.;C:\WINDOWS\system32;C:\WINDOWS;C:\WINDOWS\system32;C:\WINDOWS;C:\WINDOWS\System32\Wbem;C:\Program Files\ATI Technologies\ATI Control Panel;C:\Program Files\Common Files\Roxio Shared\DLLShared;C:\Program Files\Java\jdk1.5.0_12\bin;D:\maven-2.0.7\bin;D:\apache-ant-1.7.0\bin;C:\Program Files\QuickTime\QTSystem\;C:\PROGRA~1\ULTRAE~1;D:\Subversion\bin;;C:\PROGRA~1\COMMON~1\MUVEET~1\030625" name="java.library.path"/>
    <property value="D:\workspace2\databaseLoginModule\target\classes;D:\workspace2\databaseLoginModule\target\test-classes;C:\Documents and Settings\Federico Barrera Oro\.m2\repository\commons-logging\commons-logging\1.0.4\commons-logging-1.0.4.jar;C:\Documents and Settings\Federico Barrera Oro\.m2\repository\log4j\log4j\1.2.8\log4j-1.2.8.jar;C:\Documents and Settings\Federico Barrera Oro\.m2\repository\org\springframework\spring-core\1.2.9\spring-core-1.2.9.jar;C:\Documents and Settings\Federico Barrera Oro\.m2\repository\org\springframework\spring-beans\1.2.9\spring-beans-1.2.9.jar;C:\Documents and Settings\Federico Barrera Oro\.m2\repository\junit\junit\4.4\junit-4.4.jar;" name="surefire.test.class.path"/>
    <property value="Java Platform API Specification" name="java.specification.name"/>
    <property value="49.0" name="java.class.version"/>
    <property value="HotSpot Client Compiler" name="sun.management.compiler"/>
    <property value="5.1" name="os.version"/>
    <property value="C:\Documents and Settings\Federico Barrera Oro" name="user.home"/>
    <property value="" name="user.timezone"/>
    <property value="sun.awt.windows.WPrinterJob" name="java.awt.printerjob"/>
    <property value="1.5" name="java.specification.version"/>
    <property value="Cp1252" name="file.encoding"/>
    <property value="Federico Barrera Oro" name="user.name"/>
    <property value="D:\workspace2\databaseLoginModule\target\classes;D:\workspace2\databaseLoginModule\target\test-classes;C:\Documents and Settings\Federico Barrera Oro\.m2\repository\commons-logging\commons-logging\1.0.4\commons-logging-1.0.4.jar;C:\Documents and Settings\Federico Barrera Oro\.m2\repository\log4j\log4j\1.2.8\log4j-1.2.8.jar;C:\Documents and Settings\Federico Barrera Oro\.m2\repository\org\springframework\spring-core\1.2.9\spring-core-1.2.9.jar;C:\Documents and Settings\Federico Barrera Oro\.m2\repository\org\springframework\spring-beans\1.2.9\spring-beans-1.2.9.jar;C:\Documents and Settings\Federico Barrera Oro\.m2\repository\junit\junit\4.4\junit-4.4.jar;" name="java.class.path"/>
    <property value="1.0" name="java.vm.specification.version"/>
    <property value="32" name="sun.arch.data.model"/>
    <property value="C:\Program Files\Java\jdk1.5.0_12\jre" name="java.home"/>
    <property value="Sun Microsystems Inc." name="java.specification.vendor"/>
    <property value="es" name="user.language"/>
    <property value="sun.awt.windows.WToolkit" name="awt.toolkit"/>
    <property value="mixed mode, sharing" name="java.vm.info"/>
    <property value="1.5.0_12" name="java.version"/>
    <property value="C:\Program Files\Java\jdk1.5.0_12\jre\lib\ext" name="java.ext.dirs"/>
    <property value="C:\Program Files\Java\jdk1.5.0_12\jre\lib\rt.jar;C:\Program Files\Java\jdk1.5.0_12\jre\lib\i18n.jar;C:\Program Files\Java\jdk1.5.0_12\jre\lib\sunrsasign.jar;C:\Program Files\Java\jdk1.5.0_12\jre\lib\jsse.jar;C:\Program Files\Java\jdk1.5.0_12\jre\lib\jce.jar;C:\Program Files\Java\jdk1.5.0_12\jre\lib\charsets.jar;C:\Program Files\Java\jdk1.5.0_12\jre\classes" name="sun.boot.class.path"/>
    <property value="Sun Microsystems Inc." name="java.vendor"/>
    <property value="D:\workspace2\databaseLoginModule\src\test\resources\spm_jaas.conf" name="java.security.auth.login.config"/>
    <property value="C:\Documents and Settings\Federico Barrera Oro\.m2\repository" name="localRepository"/>
    <property value="\" name="file.separator"/>
    <property value="http://java.sun.com/cgi-bin/bugreport.cgi" name="java.vendor.url.bug"/>
    <property value="little" name="sun.cpu.endian"/>
    <property value="UnicodeLittle" name="sun.io.unicode.encoding"/>
    <property value="windows" name="sun.desktop"/>
    <property value="" name="sun.cpu.isalist"/>
  </properties>
  <testcase classname="com.mindpool.security.auth.ApplicationLoginModuleTest" time="4.837" name="testLogin"/>
</testsuite>